<?xml version="1.0" encoding="UTF-8"?>
<!-- Generated by org.testng.reporters.JUnitReportReporter -->
<testsuite skipped="0" hostname="DESKTOP-8B96U45" name="OrangePack.OrangeProj.LaunchBrowser" tests="1" failures="0" timestamp="2020-06-25T11:05:03 IST" time="5.146" errors="0">
  <testcase name="launchBrowser" time="5.146" classname="OrangePack.OrangeProj.LaunchBrowser"/>
  <system-out/>
</testsuite> <!-- OrangePack.OrangeProj.LaunchBrowser -->
